<?xml version="1.0" encoding="UTF-8"?>
<!-- Generated by org.testng.reporters.JUnitReportReporter -->
<testsuite hostname="LAPTOP-IKSOT8NF" failures="0" tests="3" name="com.TestNg.practice.LoginTC" time="33.939" errors="0" timestamp="2023-08-26T21:15:39 EDT" skipped="1">
  <testcase classname="com.TestNg.practice.LoginTC" name="TNlogin1" time="22.093"/>
  <testcase classname="com.TestNg.practice.LoginTC" name="TNlogin3" time="11.846"/>
  <testcase classname="com.TestNg.practice.LoginTC" name="TNlogin2">
    <skipped/>
  </testcase> <!-- TNlogin2 -->
</testsuite> <!-- com.TestNg.practice.LoginTC -->
