<?xml version="1.0" encoding="UTF-8"?>
<!-- Generated by org.testng.reporters.JUnitReportReporter -->
<testsuite hostname="LAPTOP-IKSOT8NF" failures="0" tests="3" name="com.test.practice.TestNG1" time="71.410" errors="0" timestamp="2023-07-27T18:18:52 EDT" skipped="0">
  <testcase classname="com.test.practice.TestNG1" name="RG1" time="21.783"/>
  <testcase classname="com.test.practice.TestNG1" name="Register2" time="19.216"/>
  <testcase classname="com.test.practice.TestNG1" name="Register3" time="30.411"/>
</testsuite> <!-- com.test.practice.TestNG1 -->
