<?xml version="1.0" encoding="UTF-8"?>
<!-- Generated by org.testng.reporters.JUnitReportReporter -->
<testsuite hostname="LAPTOP-IKSOT8NF" failures="0" tests="1" name="com.test.practice.RegisterProcess4" time="27.491" errors="0" timestamp="2023-07-29T22:39:57 EDT" skipped="0">
  <testcase classname="com.test.practice.RegisterProcess4" name="Register1" time="27.491"/>
</testsuite> <!-- com.test.practice.RegisterProcess4 -->
