<?xml version="1.0" encoding="UTF-8"?>
<!-- Generated by org.testng.reporters.JUnitReportReporter -->
<testsuite hostname="LAPTOP-IKSOT8NF" failures="0" tests="1" name="com.R1.LoginTC2" time="25.511" errors="0" timestamp="2023-08-29T21:50:50 EDT" skipped="0">
  <testcase classname="com.R1.LoginTC2" name="TNlogin1" time="25.511"/>
</testsuite> <!-- com.R1.LoginTC2 -->
