<?xml version="1.0" encoding="UTF-8"?>
<!-- Generated by org.testng.reporters.JUnitReportReporter -->
<testsuite hostname="LAPTOP-IKSOT8NF" failures="0" tests="3" name="com.test.practice.TC2" time="39.806" errors="0" timestamp="2023-07-25T21:23:49 EDT" skipped="0">
  <testcase classname="com.test.practice.TC2" name="Login1" time="15.931"/>
  <testcase classname="com.test.practice.TC2" name="Login2" time="9.227"/>
  <testcase classname="com.test.practice.TC2" name="Login3" time="14.648"/>
</testsuite> <!-- com.test.practice.TC2 -->
