<?xml version="1.0" encoding="UTF-8"?>
<!-- Generated by org.testng.reporters.JUnitReportReporter -->
<testsuite hostname="LAPTOP-IKSOT8NF" failures="0" tests="2" name="com.TestNg.practice.MultipleTC" time="18.933" errors="0" timestamp="2023-08-26T21:15:39 EDT" skipped="0">
  <testcase classname="com.TestNg.practice.MultipleTC" name="TNlogin1" time="8.736"/>
  <testcase classname="com.TestNg.practice.MultipleTC" name="TNlogin2" time="10.197"/>
</testsuite> <!-- com.TestNg.practice.MultipleTC -->
