<?xml version="1.0" encoding="UTF-8"?>
<!-- Generated by org.testng.reporters.JUnitReportReporter -->
<testsuite hostname="LAPTOP-IKSOT8NF" failures="0" tests="3" name="com.test.practice.TestNG2" time="39.031" errors="0" timestamp="2023-07-27T18:23:32 EDT" skipped="0">
  <testcase classname="com.test.practice.TestNG2" name="Login1" time="11.508"/>
  <testcase classname="com.test.practice.TestNG2" name="Login2" time="11.256"/>
  <testcase classname="com.test.practice.TestNG2" name="Login3" time="16.267"/>
</testsuite> <!-- com.test.practice.TestNG2 -->
