<?xml version="1.0" encoding="UTF-8"?>
<!-- Generated by org.testng.reporters.JUnitReportReporter -->
<testsuite hostname="LAPTOP-IKSOT8NF" failures="0" tests="2" name="com.test.practice.RegisterProcess1" time="34.463" errors="0" timestamp="2023-07-29T23:00:10 EDT" skipped="0">
  <testcase classname="com.test.practice.RegisterProcess1" name="Register1" time="17.461"/>
  <testcase classname="com.test.practice.RegisterProcess1" name="Register2" time="17.002"/>
</testsuite> <!-- com.test.practice.RegisterProcess1 -->
