<?xml version="1.0" encoding="UTF-8"?>
<!-- Generated by org.testng.reporters.JUnitReportReporter -->
<testsuite hostname="LAPTOP-IKSOT8NF" failures="0" tests="2" name="com.test.practice.RegisterProcess3" time="32.558" errors="0" timestamp="2023-07-29T23:00:10 EDT" skipped="0">
  <testcase classname="com.test.practice.RegisterProcess3" name="Register6" time="16.045"/>
  <testcase classname="com.test.practice.RegisterProcess3" name="Register1" time="16.513"/>
</testsuite> <!-- com.test.practice.RegisterProcess3 -->
