<?xml version="1.0" encoding="UTF-8"?>
<!-- Generated by org.testng.reporters.JUnitReportReporter -->
<testsuite hostname="LAPTOP-IKSOT8NF" failures="0" tests="1" name="com.TestNg.practice.Parameter" time="34.065" errors="0" timestamp="2023-08-26T18:25:34 EDT" skipped="0">
  <testcase classname="com.TestNg.practice.Parameter" name="TNlogin1" time="34.065"/>
</testsuite> <!-- com.TestNg.practice.Parameter -->
