<?xml version="1.0" encoding="UTF-8"?>
<!-- Generated by org.testng.reporters.JUnitReportReporter -->
<testsuite hostname="LAPTOP-IKSOT8NF" failures="0" tests="2" name="com.exceldata.practice.Login" time="43.655" errors="0" timestamp="2023-08-13T00:18:18 EDT" skipped="0">
  <testcase classname="com.exceldata.practice.Login" name="Login1" time="28.767"/>
  <testcase classname="com.exceldata.practice.Login" name="Login1" time="14.888"/>
</testsuite> <!-- com.exceldata.practice.Login -->
