<?xml version="1.0" encoding="UTF-8"?>
<!-- Generated by org.testng.reporters.JUnitReportReporter -->
<testsuite hostname="LAPTOP-IKSOT8NF" failures="0" tests="1" name="com.TNGpractice.Li.RediffTC" time="21.714" errors="0" timestamp="2023-08-27T17:07:34 EDT" skipped="0">
  <testcase classname="com.TNGpractice.Li.RediffTC" name="Login" time="21.714"/>
</testsuite> <!-- com.TNGpractice.Li.RediffTC -->
