<?xml version="1.0" encoding="UTF-8"?>
<!-- Generated by org.testng.reporters.JUnitReportReporter -->
<testsuite hostname="LAPTOP-IKSOT8NF" failures="0" tests="2" name="com.TestNg.practice.Context" time="0.107" errors="0" timestamp="2023-08-27T18:51:56 EDT" skipped="0">
  <testcase classname="com.TestNg.practice.Context" name="method2" time="0.006"/>
  <testcase classname="com.TestNg.practice.Context" name="method1" time="0.101"/>
</testsuite> <!-- com.TestNg.practice.Context -->
